<?xml version="1.0" encoding="UTF-8"?>
<!-- Generated by org.testng.reporters.JUnitReportReporter -->
<testsuite hostname="DESKTOP-A9PQ4VE" failures="0" tests="1" name="Amazon.TestCases.Amazon_TC5" time="48.266" errors="0" timestamp="2024-07-07T16:49:37 IST" skipped="0">
  <testcase classname="Amazon.TestCases.Amazon_TC5" name="Select_Address" time="48.266"/>
  <system-out/>
</testsuite> <!-- Amazon.TestCases.Amazon_TC5 -->
