<?xml version="1.0" encoding="UTF-8"?>
<!-- Generated by org.testng.reporters.JUnitReportReporter -->
<testsuite hostname="DESKTOP-A9PQ4VE" failures="0" tests="1" name="Amazon.TestCases.Amazon_TC2" time="23.874" errors="0" timestamp="2024-07-07T16:34:55 IST" skipped="0">
  <testcase classname="Amazon.TestCases.Amazon_TC2" name="select_First_Product" time="23.874"/>
  <system-out/>
</testsuite> <!-- Amazon.TestCases.Amazon_TC2 -->
