<?xml version="1.0" encoding="UTF-8"?>
<!-- Generated by org.testng.reporters.JUnitReportReporter -->
<testsuite hostname="DESKTOP-A9PQ4VE" failures="0" tests="1" name="package1.SeleniumProject.TestCase1" time="17.397" errors="0" timestamp="2024-07-03T17:02:08 IST" skipped="0">
  <testcase classname="package1.SeleniumProject.TestCase1" name="login_to_facebook_using_valid_creds" time="17.397"/>
  <system-out/>
</testsuite> <!-- package1.SeleniumProject.TestCase1 -->
