<?xml version="1.0" encoding="UTF-8"?>
<!-- Generated by org.testng.reporters.JUnitReportReporter -->
<testsuite hostname="DESKTOP-A9PQ4VE" failures="0" tests="1" name="package1.SeleniumProject.Amazon_TC_1" time="20.187" errors="0" timestamp="2024-07-07T15:44:35 IST" skipped="0">
  <testcase classname="package1.SeleniumProject.Amazon_TC_1" name="login_to_amazon_search" time="20.187"/>
  <system-out/>
</testsuite> <!-- package1.SeleniumProject.Amazon_TC_1 -->
